Build started 28/08/2017 02:41:50 ص.
     1>Project "D:\kolia\فرقة اولي\summer trainng\Fekra\Fekra\Fekra\Fekra.vcxproj" on node 2 (build target(s)).
     1>InitializeBuildStatus:
         Creating "Debug\Fekra.unsuccessfulbuild" because "AlwaysCreate" was specified.
       GenerateTargetFrameworkMonikerAttribute:
       Skipping target "GenerateTargetFrameworkMonikerAttribute" because all output files are up-to-date with respect to the input files.
       ClCompile:
         All outputs are up-to-date.
         C:\Program Files (x86)\Microsoft Visual Studio 10.0\VC\bin\CL.exe /c /AI"C:\Program Files (x86)\Reference Assemblies\Microsoft\Framework\.NETFramework\v4.0" /Zi /clr:pure /nologo /W3 /WX- /Od /Oy- /D WIN32 /D _DEBUG /D _UNICODE /D UNICODE /EHa /MDd /GS /fp:precise /Zc:wchar_t /Zc:forScope /Yu"StdAfx.h" /Fp"Debug\Fekra.pch" /Fo"Debug\\" /Fd"Debug\vc100.pdb" /TP /FU"C:\Program Files (x86)\Reference Assemblies\Microsoft\Framework\.NETFramework\v4.0\System.Core.dll" /FU"C:\Program Files (x86)\Reference Assemblies\Microsoft\Framework\.NETFramework\v4.0\System.Data.dll" /FU"C:\Program Files (x86)\Reference Assemblies\Microsoft\Framework\.NETFramework\v4.0\System.dll" /FU"C:\Program Files (x86)\Reference Assemblies\Microsoft\Framework\.NETFramework\v4.0\System.Drawing.dll" /FU"C:\Program Files (x86)\Reference Assemblies\Microsoft\Framework\.NETFramework\v4.0\System.Windows.Forms.dll" /FU"C:\Program Files (x86)\Reference Assemblies\Microsoft\Framework\.NETFramework\v4.0\System.Xml.dll" /analyze- /errorReport:prompt Fekra.cpp /clr:nostdlib 
         Fekra.cpp
         All outputs are up-to-date.
       CoreResGen:
         "C:\Program Files (x86)\Microsoft SDKs\Windows\v7.0A\bin\NETFX 4.0 Tools\resgen.exe" /useSourcePath /r:"C:\Program Files (x86)\Reference Assemblies\Microsoft\Framework\.NETFramework\v4.0\System.Core.dll" /r:"C:\Program Files (x86)\Reference Assemblies\Microsoft\Framework\.NETFramework\v4.0\System.Data.dll" /r:"C:\Program Files (x86)\Reference Assemblies\Microsoft\Framework\.NETFramework\v4.0\System.dll" /r:"C:\Program Files (x86)\Reference Assemblies\Microsoft\Framework\.NETFramework\v4.0\System.Drawing.dll" /r:"C:\Program Files (x86)\Reference Assemblies\Microsoft\Framework\.NETFramework\v4.0\System.Windows.Forms.dll" /r:"C:\Program Files (x86)\Reference Assemblies\Microsoft\Framework\.NETFramework\v4.0\System.Xml.dll" /compile Form1.resX,Debug\Fekra.Form1.resources
         Processing resource file "Form1.resX" into "Debug\Fekra.Form1.resources".
       ResourceCompile:
         All outputs are up-to-date.
       Link:
         C:\Program Files (x86)\Microsoft Visual Studio 10.0\VC\bin\link.exe /ERRORREPORT:PROMPT /OUT:"D:\kolia\فرقة اولي\summer trainng\Fekra\Fekra\Debug\Fekra.exe" /INCREMENTAL /NOLOGO /ASSEMBLYRESOURCE:Debug\Fekra.Bill.resources /ASSEMBLYRESOURCE:Debug\Fekra.Form1.resources /ASSEMBLYRESOURCE:Debug\Fekra.Search.resources /ASSEMBLYRESOURCE:"Debug\Fekra.UpDate Data.resources" /MANIFEST /ManifestFile:"Debug\Fekra.exe.intermediate.manifest" /MANIFESTUAC:"level='asInvoker' uiAccess='false'" /DEBUG /PDB:"D:\kolia\فرقة اولي\summer trainng\Fekra\Fekra\Debug\Fekra.pdb" /ASSEMBLYDEBUG /SUBSYSTEM:WINDOWS /TLBID:1 /ENTRY:"main" /DYNAMICBASE /FIXED:NO /NXCOMPAT /MACHINE:X86 Debug\app.res
         Debug\AssemblyInfo.obj
         Debug\Bill.obj
         Debug\Fekra.obj
         Debug\Search.obj
         Debug\stdafx.obj
         "Debug\UpDate Data.obj"
         "Debug\.NETFramework,Version=v4.0.AssemblyAttributes.obj"
         Fekra.vcxproj -> D:\kolia\فرقة اولي\summer trainng\Fekra\Fekra\Debug\Fekra.exe
       Manifest:
         C:\Program Files (x86)\Microsoft SDKs\Windows\v7.0A\bin\mt.exe /nologo /verbose /outputresource:"D:\kolia\فرقة اولي\summer trainng\Fekra\Fekra\Debug\Fekra.exe;#1" /manifest Debug\Fekra.exe.intermediate.manifest
       FinalizeBuildStatus:
         Deleting file "Debug\Fekra.unsuccessfulbuild".
         Touching "Debug\Fekra.lastbuildstate".
     1>Done Building Project "D:\kolia\فرقة اولي\summer trainng\Fekra\Fekra\Fekra\Fekra.vcxproj" (build target(s)).

Build succeeded.

Time Elapsed 00:00:03.04
